<?xml version="1.0" encoding="UTF-8"?>
<testsuite xmlns:xsi="http://www.w3.org/2001/XMLSchema-instance" xsi:noNamespaceSchemaLocation="https://maven.apache.org/surefire/maven-surefire-plugin/xsd/surefire-test-report.xsd" name="com.bit.spring.SpringMvcTest" time="5.602" tests="2" errors="0" skipped="0" failures="0">
  <properties>
[...]
</properties>
  <testcase name="error" classname="com.bit.spring.SpringMvcTest" time="0.093"/>
  <testcase name="buscaId" classname="com.bit.spring.SpringMvcTest" time="0.178"/>
</testsuite>